15-Aug-2018 18:22:23.766 信息 [main] org.apache.catalina.startup.VersionLoggerListener.log Server version:        Apache Tomcat/8.5.28
15-Aug-2018 18:22:23.770 信息 [main] org.apache.catalina.startup.VersionLoggerListener.log Server built:          Feb 6 2018 23:10:25 UTC
15-Aug-2018 18:22:23.770 信息 [main] org.apache.catalina.startup.VersionLoggerListener.log Server number:         8.5.28.0
15-Aug-2018 18:22:23.770 信息 [main] org.apache.catalina.startup.VersionLoggerListener.log OS Name:               Windows 10
15-Aug-2018 18:22:23.770 信息 [main] org.apache.catalina.startup.VersionLoggerListener.log OS Version:            10.0
15-Aug-2018 18:22:23.770 信息 [main] org.apache.catalina.startup.VersionLoggerListener.log Architecture:          amd64
15-Aug-2018 18:22:23.772 信息 [main] org.apache.catalina.startup.VersionLoggerListener.log Java Home:             C:\jdk1.8.0\jre
15-Aug-2018 18:22:23.772 信息 [main] org.apache.catalina.startup.VersionLoggerListener.log JVM Version:           1.8.0_181-b13
15-Aug-2018 18:22:23.772 信息 [main] org.apache.catalina.startup.VersionLoggerListener.log JVM Vendor:            Oracle Corporation
15-Aug-2018 18:22:23.772 信息 [main] org.apache.catalina.startup.VersionLoggerListener.log CATALINA_BASE:         E:\development\glaf\tomcat
15-Aug-2018 18:22:23.772 信息 [main] org.apache.catalina.startup.VersionLoggerListener.log CATALINA_HOME:         E:\development\glaf\tomcat
15-Aug-2018 18:22:23.772 信息 [main] org.apache.catalina.startup.VersionLoggerListener.log Command line argument: -Djava.util.logging.config.file=E:\development\glaf\tomcat\conf\logging.properties
15-Aug-2018 18:22:23.773 信息 [main] org.apache.catalina.startup.VersionLoggerListener.log Command line argument: -Djava.util.logging.manager=org.apache.juli.ClassLoaderLogManager
15-Aug-2018 18:22:23.773 信息 [main] org.apache.catalina.startup.VersionLoggerListener.log Command line argument: -Djdk.tls.ephemeralDHKeySize=2048
15-Aug-2018 18:22:23.773 信息 [main] org.apache.catalina.startup.VersionLoggerListener.log Command line argument: -Djava.protocol.handler.pkgs=org.apache.catalina.webresources
15-Aug-2018 18:22:23.773 信息 [main] org.apache.catalina.startup.VersionLoggerListener.log Command line argument: -Dignore.endorsed.dirs=
15-Aug-2018 18:22:23.773 信息 [main] org.apache.catalina.startup.VersionLoggerListener.log Command line argument: -Dcatalina.base=E:\development\glaf\tomcat
15-Aug-2018 18:22:23.774 信息 [main] org.apache.catalina.startup.VersionLoggerListener.log Command line argument: -Dcatalina.home=E:\development\glaf\tomcat
15-Aug-2018 18:22:23.774 信息 [main] org.apache.catalina.startup.VersionLoggerListener.log Command line argument: -Djava.io.tmpdir=E:\development\glaf\tomcat\temp
15-Aug-2018 18:22:23.774 信息 [main] org.apache.catalina.core.AprLifecycleListener.lifecycleEvent The APR based Apache Tomcat Native library which allows optimal performance in production environments was not found on the java.library.path: [C:\jdk1.8.0\bin;C:\WINDOWS\Sun\Java\bin;C:\WINDOWS\system32;C:\WINDOWS;C:\Program Files (x86)\Common Files\Oracle\Java\javapath;C:\Windows\system32;C:\Windows;C:\Windows\System32\Wbem;C:\Windows\System32\WindowsPowerShell\v1.0\;C:\Program Files (x86)\NVIDIA Corporation\PhysX\Common;C:\Program Files\TortoiseSVN\bin;e:\Program Files (x86)\Microsoft SQL Server\100\Tools\Binn\;e:\Program Files\Microsoft SQL Server\100\Tools\Binn\;e:\Program Files\Microsoft SQL Server\100\DTS\Binn\;e:\Program Files (x86)\Microsoft SQL Server\100\Tools\Binn\VSShell\Common7\IDE\;e:\Program Files (x86)\Microsoft SQL Server\100\DTS\Binn\;C:\Program Files\OpenVPN\bin;C:\Program Files\TortoiseGit\bin;C:\Program Files\Git\cmd;C:\WINDOWS\system32;C:\WINDOWS;C:\WINDOWS\System32\Wbem;C:\WINDOWS\System32\WindowsPowerShell\v1.0\;D:\Program Files (x86)\Microsoft SQL Server\100\Tools\Binn\;D:\Program Files\Microsoft SQL Server\100\Tools\Binn\;D:\Program Files\Microsoft SQL Server\100\DTS\Binn\;D:\Program Files (x86)\Microsoft SQL Server\100\Tools\Binn\VSShell\Common7\IDE\;C:\Program Files (x86)\Microsoft Visual Studio 9.0\Common7\IDE\PrivateAssemblies\;D:\Program Files (x86)\Microsoft SQL Server\100\DTS\Binn\;C:\jdk1.8.0_91\bin;C:\Users\yingl\AppData\Local\Microsoft\WindowsApps;mysqlhome\bin;E:\maven\apache-maven\bin;;.]
15-Aug-2018 18:22:23.933 信息 [main] org.apache.coyote.AbstractProtocol.init Initializing ProtocolHandler ["http-nio-8080"]
15-Aug-2018 18:22:24.229 信息 [main] org.apache.tomcat.util.net.NioSelectorPool.getSharedSelector Using a shared selector for servlet write/read
15-Aug-2018 18:22:24.244 信息 [main] org.apache.coyote.AbstractProtocol.init Initializing ProtocolHandler ["ajp-nio-8009"]
15-Aug-2018 18:22:24.251 信息 [main] org.apache.tomcat.util.net.NioSelectorPool.getSharedSelector Using a shared selector for servlet write/read
15-Aug-2018 18:22:24.255 信息 [main] org.apache.catalina.startup.Catalina.load Initialization processed in 1016 ms
15-Aug-2018 18:22:24.307 信息 [main] org.apache.catalina.core.StandardService.startInternal Starting service [Catalina]
15-Aug-2018 18:22:24.307 信息 [main] org.apache.catalina.core.StandardEngine.startInternal Starting Servlet Engine: Apache Tomcat/8.5.28
15-Aug-2018 18:22:42.408 信息 [localhost-startStop-1] org.apache.jasper.servlet.TldScanner.scanJars At least one JAR was scanned for TLDs yet contained no TLDs. Enable debug logging for this logger for a complete list of JARs that were scanned but no TLDs were found in them. Skipping unneeded JARs during scanning can improve startup time and JSP compilation time.
15-Aug-2018 18:23:16.227 信息 [main] org.apache.coyote.AbstractProtocol.start Starting ProtocolHandler ["http-nio-8080"]
15-Aug-2018 18:23:16.291 信息 [main] org.apache.coyote.AbstractProtocol.start Starting ProtocolHandler ["ajp-nio-8009"]
15-Aug-2018 18:23:16.297 信息 [main] org.apache.catalina.startup.Catalina.start Server startup in 52041 ms
15-Aug-2018 18:28:16.433 信息 [main] org.apache.catalina.startup.VersionLoggerListener.log Server version:        Apache Tomcat/8.5.28
15-Aug-2018 18:28:16.439 信息 [main] org.apache.catalina.startup.VersionLoggerListener.log Server built:          Feb 6 2018 23:10:25 UTC
15-Aug-2018 18:28:16.440 信息 [main] org.apache.catalina.startup.VersionLoggerListener.log Server number:         8.5.28.0
15-Aug-2018 18:28:16.440 信息 [main] org.apache.catalina.startup.VersionLoggerListener.log OS Name:               Windows 10
15-Aug-2018 18:28:16.441 信息 [main] org.apache.catalina.startup.VersionLoggerListener.log OS Version:            10.0
15-Aug-2018 18:28:16.441 信息 [main] org.apache.catalina.startup.VersionLoggerListener.log Architecture:          amd64
15-Aug-2018 18:28:16.444 信息 [main] org.apache.catalina.startup.VersionLoggerListener.log Java Home:             C:\jdk1.8.0\jre
15-Aug-2018 18:28:16.445 信息 [main] org.apache.catalina.startup.VersionLoggerListener.log JVM Version:           1.8.0_181-b13
15-Aug-2018 18:28:16.445 信息 [main] org.apache.catalina.startup.VersionLoggerListener.log JVM Vendor:            Oracle Corporation
15-Aug-2018 18:28:16.446 信息 [main] org.apache.catalina.startup.VersionLoggerListener.log CATALINA_BASE:         E:\development\glaf\tomcat
15-Aug-2018 18:28:16.446 信息 [main] org.apache.catalina.startup.VersionLoggerListener.log CATALINA_HOME:         E:\development\glaf\tomcat
15-Aug-2018 18:28:16.447 信息 [main] org.apache.catalina.startup.VersionLoggerListener.log Command line argument: -Djava.util.logging.config.file=E:\development\glaf\tomcat\conf\logging.properties
15-Aug-2018 18:28:16.447 信息 [main] org.apache.catalina.startup.VersionLoggerListener.log Command line argument: -Djava.util.logging.manager=org.apache.juli.ClassLoaderLogManager
15-Aug-2018 18:28:16.447 信息 [main] org.apache.catalina.startup.VersionLoggerListener.log Command line argument: -Djdk.tls.ephemeralDHKeySize=2048
15-Aug-2018 18:28:16.453 信息 [main] org.apache.catalina.startup.VersionLoggerListener.log Command line argument: -Djava.protocol.handler.pkgs=org.apache.catalina.webresources
15-Aug-2018 18:28:16.454 信息 [main] org.apache.catalina.startup.VersionLoggerListener.log Command line argument: -Dignore.endorsed.dirs=
15-Aug-2018 18:28:16.454 信息 [main] org.apache.catalina.startup.VersionLoggerListener.log Command line argument: -Dcatalina.base=E:\development\glaf\tomcat
15-Aug-2018 18:28:16.456 信息 [main] org.apache.catalina.startup.VersionLoggerListener.log Command line argument: -Dcatalina.home=E:\development\glaf\tomcat
15-Aug-2018 18:28:16.458 信息 [main] org.apache.catalina.startup.VersionLoggerListener.log Command line argument: -Djava.io.tmpdir=E:\development\glaf\tomcat\temp
15-Aug-2018 18:28:16.458 信息 [main] org.apache.catalina.core.AprLifecycleListener.lifecycleEvent The APR based Apache Tomcat Native library which allows optimal performance in production environments was not found on the java.library.path: [C:\jdk1.8.0\bin;C:\WINDOWS\Sun\Java\bin;C:\WINDOWS\system32;C:\WINDOWS;C:\Program Files (x86)\Common Files\Oracle\Java\javapath;C:\Windows\system32;C:\Windows;C:\Windows\System32\Wbem;C:\Windows\System32\WindowsPowerShell\v1.0\;C:\Program Files (x86)\NVIDIA Corporation\PhysX\Common;C:\Program Files\TortoiseSVN\bin;e:\Program Files (x86)\Microsoft SQL Server\100\Tools\Binn\;e:\Program Files\Microsoft SQL Server\100\Tools\Binn\;e:\Program Files\Microsoft SQL Server\100\DTS\Binn\;e:\Program Files (x86)\Microsoft SQL Server\100\Tools\Binn\VSShell\Common7\IDE\;e:\Program Files (x86)\Microsoft SQL Server\100\DTS\Binn\;C:\Program Files\OpenVPN\bin;C:\Program Files\TortoiseGit\bin;C:\Program Files\Git\cmd;C:\WINDOWS\system32;C:\WINDOWS;C:\WINDOWS\System32\Wbem;C:\WINDOWS\System32\WindowsPowerShell\v1.0\;D:\Program Files (x86)\Microsoft SQL Server\100\Tools\Binn\;D:\Program Files\Microsoft SQL Server\100\Tools\Binn\;D:\Program Files\Microsoft SQL Server\100\DTS\Binn\;D:\Program Files (x86)\Microsoft SQL Server\100\Tools\Binn\VSShell\Common7\IDE\;C:\Program Files (x86)\Microsoft Visual Studio 9.0\Common7\IDE\PrivateAssemblies\;D:\Program Files (x86)\Microsoft SQL Server\100\DTS\Binn\;C:\jdk1.8.0_91\bin;C:\Users\yingl\AppData\Local\Microsoft\WindowsApps;mysqlhome\bin;E:\maven\apache-maven\bin;;.]
15-Aug-2018 18:28:16.717 信息 [main] org.apache.coyote.AbstractProtocol.init Initializing ProtocolHandler ["http-nio-8080"]
15-Aug-2018 18:28:17.098 信息 [main] org.apache.tomcat.util.net.NioSelectorPool.getSharedSelector Using a shared selector for servlet write/read
15-Aug-2018 18:28:17.106 信息 [main] org.apache.coyote.AbstractProtocol.init Initializing ProtocolHandler ["ajp-nio-8009"]
15-Aug-2018 18:28:17.117 信息 [main] org.apache.tomcat.util.net.NioSelectorPool.getSharedSelector Using a shared selector for servlet write/read
15-Aug-2018 18:28:17.119 信息 [main] org.apache.catalina.startup.Catalina.load Initialization processed in 1457 ms
15-Aug-2018 18:28:17.201 信息 [main] org.apache.catalina.core.StandardService.startInternal Starting service [Catalina]
15-Aug-2018 18:28:17.202 信息 [main] org.apache.catalina.core.StandardEngine.startInternal Starting Servlet Engine: Apache Tomcat/8.5.28
15-Aug-2018 18:28:38.651 信息 [localhost-startStop-1] org.apache.jasper.servlet.TldScanner.scanJars At least one JAR was scanned for TLDs yet contained no TLDs. Enable debug logging for this logger for a complete list of JARs that were scanned but no TLDs were found in them. Skipping unneeded JARs during scanning can improve startup time and JSP compilation time.
15-Aug-2018 18:29:20.336 信息 [main] org.apache.coyote.AbstractProtocol.start Starting ProtocolHandler ["http-nio-8080"]
15-Aug-2018 18:29:20.377 信息 [main] org.apache.coyote.AbstractProtocol.start Starting ProtocolHandler ["ajp-nio-8009"]
15-Aug-2018 18:29:20.384 信息 [main] org.apache.catalina.startup.Catalina.start Server startup in 63260 ms
15-Aug-2018 21:41:30.494 信息 [main] org.apache.catalina.startup.VersionLoggerListener.log Server version:        Apache Tomcat/8.5.28
15-Aug-2018 21:41:30.502 信息 [main] org.apache.catalina.startup.VersionLoggerListener.log Server built:          Feb 6 2018 23:10:25 UTC
15-Aug-2018 21:41:30.504 信息 [main] org.apache.catalina.startup.VersionLoggerListener.log Server number:         8.5.28.0
15-Aug-2018 21:41:30.505 信息 [main] org.apache.catalina.startup.VersionLoggerListener.log OS Name:               Windows 10
15-Aug-2018 21:41:30.505 信息 [main] org.apache.catalina.startup.VersionLoggerListener.log OS Version:            10.0
15-Aug-2018 21:41:30.505 信息 [main] org.apache.catalina.startup.VersionLoggerListener.log Architecture:          amd64
15-Aug-2018 21:41:30.506 信息 [main] org.apache.catalina.startup.VersionLoggerListener.log Java Home:             C:\jdk1.8.0\jre
15-Aug-2018 21:41:30.507 信息 [main] org.apache.catalina.startup.VersionLoggerListener.log JVM Version:           1.8.0_181-b13
15-Aug-2018 21:41:30.507 信息 [main] org.apache.catalina.startup.VersionLoggerListener.log JVM Vendor:            Oracle Corporation
15-Aug-2018 21:41:30.508 信息 [main] org.apache.catalina.startup.VersionLoggerListener.log CATALINA_BASE:         E:\development\glaf\tomcat
15-Aug-2018 21:41:30.508 信息 [main] org.apache.catalina.startup.VersionLoggerListener.log CATALINA_HOME:         E:\development\glaf\tomcat
15-Aug-2018 21:41:30.511 信息 [main] org.apache.catalina.startup.VersionLoggerListener.log Command line argument: -Djava.util.logging.config.file=E:\development\glaf\tomcat\conf\logging.properties
15-Aug-2018 21:41:30.511 信息 [main] org.apache.catalina.startup.VersionLoggerListener.log Command line argument: -Djava.util.logging.manager=org.apache.juli.ClassLoaderLogManager
15-Aug-2018 21:41:30.511 信息 [main] org.apache.catalina.startup.VersionLoggerListener.log Command line argument: -Djdk.tls.ephemeralDHKeySize=2048
15-Aug-2018 21:41:30.511 信息 [main] org.apache.catalina.startup.VersionLoggerListener.log Command line argument: -Djava.protocol.handler.pkgs=org.apache.catalina.webresources
15-Aug-2018 21:41:30.511 信息 [main] org.apache.catalina.startup.VersionLoggerListener.log Command line argument: -Dignore.endorsed.dirs=
15-Aug-2018 21:41:30.512 信息 [main] org.apache.catalina.startup.VersionLoggerListener.log Command line argument: -Dcatalina.base=E:\development\glaf\tomcat
15-Aug-2018 21:41:30.512 信息 [main] org.apache.catalina.startup.VersionLoggerListener.log Command line argument: -Dcatalina.home=E:\development\glaf\tomcat
15-Aug-2018 21:41:30.524 信息 [main] org.apache.catalina.startup.VersionLoggerListener.log Command line argument: -Djava.io.tmpdir=E:\development\glaf\tomcat\temp
15-Aug-2018 21:41:30.525 信息 [main] org.apache.catalina.core.AprLifecycleListener.lifecycleEvent The APR based Apache Tomcat Native library which allows optimal performance in production environments was not found on the java.library.path: [C:\jdk1.8.0\bin;C:\WINDOWS\Sun\Java\bin;C:\WINDOWS\system32;C:\WINDOWS;C:\Program Files (x86)\Common Files\Oracle\Java\javapath;C:\Windows\system32;C:\Windows;C:\Windows\System32\Wbem;C:\Windows\System32\WindowsPowerShell\v1.0\;C:\Program Files (x86)\NVIDIA Corporation\PhysX\Common;C:\Program Files\TortoiseSVN\bin;e:\Program Files (x86)\Microsoft SQL Server\100\Tools\Binn\;e:\Program Files\Microsoft SQL Server\100\Tools\Binn\;e:\Program Files\Microsoft SQL Server\100\DTS\Binn\;e:\Program Files (x86)\Microsoft SQL Server\100\Tools\Binn\VSShell\Common7\IDE\;e:\Program Files (x86)\Microsoft SQL Server\100\DTS\Binn\;C:\Program Files\OpenVPN\bin;C:\Program Files\TortoiseGit\bin;C:\Program Files\Git\cmd;C:\WINDOWS\system32;C:\WINDOWS;C:\WINDOWS\System32\Wbem;C:\WINDOWS\System32\WindowsPowerShell\v1.0\;D:\Program Files (x86)\Microsoft SQL Server\100\Tools\Binn\;D:\Program Files\Microsoft SQL Server\100\Tools\Binn\;D:\Program Files\Microsoft SQL Server\100\DTS\Binn\;D:\Program Files (x86)\Microsoft SQL Server\100\Tools\Binn\VSShell\Common7\IDE\;C:\Program Files (x86)\Microsoft Visual Studio 9.0\Common7\IDE\PrivateAssemblies\;D:\Program Files (x86)\Microsoft SQL Server\100\DTS\Binn\;C:\jdk1.8.0_91\bin;C:\Users\yingl\AppData\Local\Microsoft\WindowsApps;mysqlhome\bin;E:\maven\apache-maven\bin;;.]
15-Aug-2018 21:41:30.739 信息 [main] org.apache.coyote.AbstractProtocol.init Initializing ProtocolHandler ["http-nio-8080"]
15-Aug-2018 21:41:31.089 信息 [main] org.apache.tomcat.util.net.NioSelectorPool.getSharedSelector Using a shared selector for servlet write/read
15-Aug-2018 21:41:31.103 信息 [main] org.apache.coyote.AbstractProtocol.init Initializing ProtocolHandler ["ajp-nio-8009"]
15-Aug-2018 21:41:31.107 信息 [main] org.apache.tomcat.util.net.NioSelectorPool.getSharedSelector Using a shared selector for servlet write/read
15-Aug-2018 21:41:31.108 信息 [main] org.apache.catalina.startup.Catalina.load Initialization processed in 1282 ms
15-Aug-2018 21:41:31.150 信息 [main] org.apache.catalina.core.StandardService.startInternal Starting service [Catalina]
15-Aug-2018 21:41:31.151 信息 [main] org.apache.catalina.core.StandardEngine.startInternal Starting Servlet Engine: Apache Tomcat/8.5.28
15-Aug-2018 21:42:02.521 信息 [localhost-startStop-1] org.apache.jasper.servlet.TldScanner.scanJars At least one JAR was scanned for TLDs yet contained no TLDs. Enable debug logging for this logger for a complete list of JARs that were scanned but no TLDs were found in them. Skipping unneeded JARs during scanning can improve startup time and JSP compilation time.
15-Aug-2018 21:42:51.092 信息 [main] org.apache.coyote.AbstractProtocol.start Starting ProtocolHandler ["http-nio-8080"]
15-Aug-2018 21:42:51.134 信息 [main] org.apache.coyote.AbstractProtocol.start Starting ProtocolHandler ["ajp-nio-8009"]
15-Aug-2018 21:42:51.140 信息 [main] org.apache.catalina.startup.Catalina.start Server startup in 80032 ms
