16-Aug-2018 11:22:00.045 信息 [main] org.apache.catalina.startup.VersionLoggerListener.log Server version:        Apache Tomcat/8.5.28
16-Aug-2018 11:22:00.053 信息 [main] org.apache.catalina.startup.VersionLoggerListener.log Server built:          Feb 6 2018 23:10:25 UTC
16-Aug-2018 11:22:00.054 信息 [main] org.apache.catalina.startup.VersionLoggerListener.log Server number:         8.5.28.0
16-Aug-2018 11:22:00.054 信息 [main] org.apache.catalina.startup.VersionLoggerListener.log OS Name:               Windows 10
16-Aug-2018 11:22:00.054 信息 [main] org.apache.catalina.startup.VersionLoggerListener.log OS Version:            10.0
16-Aug-2018 11:22:00.054 信息 [main] org.apache.catalina.startup.VersionLoggerListener.log Architecture:          amd64
16-Aug-2018 11:22:00.056 信息 [main] org.apache.catalina.startup.VersionLoggerListener.log Java Home:             C:\jdk1.8.0\jre
16-Aug-2018 11:22:00.056 信息 [main] org.apache.catalina.startup.VersionLoggerListener.log JVM Version:           1.8.0_181-b13
16-Aug-2018 11:22:00.056 信息 [main] org.apache.catalina.startup.VersionLoggerListener.log JVM Vendor:            Oracle Corporation
16-Aug-2018 11:22:00.056 信息 [main] org.apache.catalina.startup.VersionLoggerListener.log CATALINA_BASE:         E:\development\glaf\tomcat
16-Aug-2018 11:22:00.056 信息 [main] org.apache.catalina.startup.VersionLoggerListener.log CATALINA_HOME:         E:\development\glaf\tomcat
16-Aug-2018 11:22:00.057 信息 [main] org.apache.catalina.startup.VersionLoggerListener.log Command line argument: -Djava.util.logging.config.file=E:\development\glaf\tomcat\conf\logging.properties
16-Aug-2018 11:22:00.057 信息 [main] org.apache.catalina.startup.VersionLoggerListener.log Command line argument: -Djava.util.logging.manager=org.apache.juli.ClassLoaderLogManager
16-Aug-2018 11:22:00.057 信息 [main] org.apache.catalina.startup.VersionLoggerListener.log Command line argument: -Djdk.tls.ephemeralDHKeySize=2048
16-Aug-2018 11:22:00.057 信息 [main] org.apache.catalina.startup.VersionLoggerListener.log Command line argument: -Djava.protocol.handler.pkgs=org.apache.catalina.webresources
16-Aug-2018 11:22:00.058 信息 [main] org.apache.catalina.startup.VersionLoggerListener.log Command line argument: -Dignore.endorsed.dirs=
16-Aug-2018 11:22:00.059 信息 [main] org.apache.catalina.startup.VersionLoggerListener.log Command line argument: -Dcatalina.base=E:\development\glaf\tomcat
16-Aug-2018 11:22:00.059 信息 [main] org.apache.catalina.startup.VersionLoggerListener.log Command line argument: -Dcatalina.home=E:\development\glaf\tomcat
16-Aug-2018 11:22:00.060 信息 [main] org.apache.catalina.startup.VersionLoggerListener.log Command line argument: -Djava.io.tmpdir=E:\development\glaf\tomcat\temp
16-Aug-2018 11:22:00.060 信息 [main] org.apache.catalina.core.AprLifecycleListener.lifecycleEvent The APR based Apache Tomcat Native library which allows optimal performance in production environments was not found on the java.library.path: [C:\jdk1.8.0\bin;C:\WINDOWS\Sun\Java\bin;C:\WINDOWS\system32;C:\WINDOWS;C:\Program Files (x86)\Common Files\Oracle\Java\javapath;C:\Windows\system32;C:\Windows;C:\Windows\System32\Wbem;C:\Windows\System32\WindowsPowerShell\v1.0\;C:\Program Files (x86)\NVIDIA Corporation\PhysX\Common;C:\Program Files\TortoiseSVN\bin;e:\Program Files (x86)\Microsoft SQL Server\100\Tools\Binn\;e:\Program Files\Microsoft SQL Server\100\Tools\Binn\;e:\Program Files\Microsoft SQL Server\100\DTS\Binn\;e:\Program Files (x86)\Microsoft SQL Server\100\Tools\Binn\VSShell\Common7\IDE\;e:\Program Files (x86)\Microsoft SQL Server\100\DTS\Binn\;C:\Program Files\OpenVPN\bin;C:\Program Files\TortoiseGit\bin;C:\Program Files\Git\cmd;C:\WINDOWS\system32;C:\WINDOWS;C:\WINDOWS\System32\Wbem;C:\WINDOWS\System32\WindowsPowerShell\v1.0\;D:\Program Files (x86)\Microsoft SQL Server\100\Tools\Binn\;D:\Program Files\Microsoft SQL Server\100\Tools\Binn\;D:\Program Files\Microsoft SQL Server\100\DTS\Binn\;D:\Program Files (x86)\Microsoft SQL Server\100\Tools\Binn\VSShell\Common7\IDE\;C:\Program Files (x86)\Microsoft Visual Studio 9.0\Common7\IDE\PrivateAssemblies\;D:\Program Files (x86)\Microsoft SQL Server\100\DTS\Binn\;C:\jdk1.8.0_91\bin;C:\Users\yingl\AppData\Local\Microsoft\WindowsApps;mysqlhome\bin;E:\maven\apache-maven\bin;;.]
16-Aug-2018 11:22:00.348 信息 [main] org.apache.coyote.AbstractProtocol.init Initializing ProtocolHandler ["http-nio-8080"]
16-Aug-2018 11:22:00.745 信息 [main] org.apache.tomcat.util.net.NioSelectorPool.getSharedSelector Using a shared selector for servlet write/read
16-Aug-2018 11:22:00.753 信息 [main] org.apache.coyote.AbstractProtocol.init Initializing ProtocolHandler ["ajp-nio-8009"]
16-Aug-2018 11:22:00.756 信息 [main] org.apache.tomcat.util.net.NioSelectorPool.getSharedSelector Using a shared selector for servlet write/read
16-Aug-2018 11:22:00.757 信息 [main] org.apache.catalina.startup.Catalina.load Initialization processed in 1335 ms
16-Aug-2018 11:22:00.896 信息 [main] org.apache.catalina.core.StandardService.startInternal Starting service [Catalina]
16-Aug-2018 11:22:00.896 信息 [main] org.apache.catalina.core.StandardEngine.startInternal Starting Servlet Engine: Apache Tomcat/8.5.28
16-Aug-2018 11:22:25.788 信息 [localhost-startStop-1] org.apache.jasper.servlet.TldScanner.scanJars At least one JAR was scanned for TLDs yet contained no TLDs. Enable debug logging for this logger for a complete list of JARs that were scanned but no TLDs were found in them. Skipping unneeded JARs during scanning can improve startup time and JSP compilation time.
16-Aug-2018 11:23:01.379 信息 [main] org.apache.coyote.AbstractProtocol.start Starting ProtocolHandler ["http-nio-8080"]
16-Aug-2018 11:23:01.409 信息 [main] org.apache.coyote.AbstractProtocol.start Starting ProtocolHandler ["ajp-nio-8009"]
16-Aug-2018 11:23:01.416 信息 [main] org.apache.catalina.startup.Catalina.start Server startup in 60658 ms
16-Aug-2018 11:43:49.349 信息 [main] org.apache.catalina.startup.VersionLoggerListener.log Server version:        Apache Tomcat/8.5.28
16-Aug-2018 11:43:49.356 信息 [main] org.apache.catalina.startup.VersionLoggerListener.log Server built:          Feb 6 2018 23:10:25 UTC
16-Aug-2018 11:43:49.356 信息 [main] org.apache.catalina.startup.VersionLoggerListener.log Server number:         8.5.28.0
16-Aug-2018 11:43:49.357 信息 [main] org.apache.catalina.startup.VersionLoggerListener.log OS Name:               Windows 10
16-Aug-2018 11:43:49.379 信息 [main] org.apache.catalina.startup.VersionLoggerListener.log OS Version:            10.0
16-Aug-2018 11:43:49.388 信息 [main] org.apache.catalina.startup.VersionLoggerListener.log Architecture:          amd64
16-Aug-2018 11:43:49.395 信息 [main] org.apache.catalina.startup.VersionLoggerListener.log Java Home:             C:\jdk1.8.0\jre
16-Aug-2018 11:43:49.396 信息 [main] org.apache.catalina.startup.VersionLoggerListener.log JVM Version:           1.8.0_181-b13
16-Aug-2018 11:43:49.406 信息 [main] org.apache.catalina.startup.VersionLoggerListener.log JVM Vendor:            Oracle Corporation
16-Aug-2018 11:43:49.412 信息 [main] org.apache.catalina.startup.VersionLoggerListener.log CATALINA_BASE:         E:\development\glaf\tomcat
16-Aug-2018 11:43:49.438 信息 [main] org.apache.catalina.startup.VersionLoggerListener.log CATALINA_HOME:         E:\development\glaf\tomcat
16-Aug-2018 11:43:49.440 信息 [main] org.apache.catalina.startup.VersionLoggerListener.log Command line argument: -Djava.util.logging.config.file=E:\development\glaf\tomcat\conf\logging.properties
16-Aug-2018 11:43:49.442 信息 [main] org.apache.catalina.startup.VersionLoggerListener.log Command line argument: -Djava.util.logging.manager=org.apache.juli.ClassLoaderLogManager
16-Aug-2018 11:43:49.444 信息 [main] org.apache.catalina.startup.VersionLoggerListener.log Command line argument: -Xmx2048m
16-Aug-2018 11:43:49.461 信息 [main] org.apache.catalina.startup.VersionLoggerListener.log Command line argument: -Xms2048m
16-Aug-2018 11:43:49.478 信息 [main] org.apache.catalina.startup.VersionLoggerListener.log Command line argument: -XX:MetaspaceSize=256m
16-Aug-2018 11:43:49.479 信息 [main] org.apache.catalina.startup.VersionLoggerListener.log Command line argument: -XX:MaxMetaspaceSize=2048m
16-Aug-2018 11:43:49.511 信息 [main] org.apache.catalina.startup.VersionLoggerListener.log Command line argument: -XX:MaxNewSize=896m
16-Aug-2018 11:43:49.524 信息 [main] org.apache.catalina.startup.VersionLoggerListener.log Command line argument: -XX:NewSize=896m
16-Aug-2018 11:43:49.525 信息 [main] org.apache.catalina.startup.VersionLoggerListener.log Command line argument: -XX:SurvivorRatio=6
16-Aug-2018 11:43:49.526 信息 [main] org.apache.catalina.startup.VersionLoggerListener.log Command line argument: -XX:-UseGCOverheadLimit
16-Aug-2018 11:43:49.529 信息 [main] org.apache.catalina.startup.VersionLoggerListener.log Command line argument: -Djava.net.preferIPv4Stack=true
16-Aug-2018 11:43:49.531 信息 [main] org.apache.catalina.startup.VersionLoggerListener.log Command line argument: -Dstart_scheduler=false
16-Aug-2018 11:43:49.542 信息 [main] org.apache.catalina.startup.VersionLoggerListener.log Command line argument: -DdebugMode=true
16-Aug-2018 11:43:49.548 信息 [main] org.apache.catalina.startup.VersionLoggerListener.log Command line argument: -Drebel.packages_include=com.glaf
16-Aug-2018 11:43:49.553 信息 [main] org.apache.catalina.startup.VersionLoggerListener.log Command line argument: -Drebel.aspectj_plugin=true
16-Aug-2018 11:43:49.562 信息 [main] org.apache.catalina.startup.VersionLoggerListener.log Command line argument: -Drebel.spring_plugin=true
16-Aug-2018 11:43:49.573 信息 [main] org.apache.catalina.startup.VersionLoggerListener.log Command line argument: -Drebel.resteasy_plugin=true
16-Aug-2018 11:43:49.581 信息 [main] org.apache.catalina.startup.VersionLoggerListener.log Command line argument: -Drebel.mybatis_plugin=true
16-Aug-2018 11:43:49.591 信息 [main] org.apache.catalina.startup.VersionLoggerListener.log Command line argument: -Drebel.jackson_plugin=true
16-Aug-2018 11:43:49.596 信息 [main] org.apache.catalina.startup.VersionLoggerListener.log Command line argument: -Xverify:none
16-Aug-2018 11:43:49.599 信息 [main] org.apache.catalina.startup.VersionLoggerListener.log Command line argument: -agentpath:E:\development\glaf\tomcat\bin\jrebel64.dll
16-Aug-2018 11:43:49.601 信息 [main] org.apache.catalina.startup.VersionLoggerListener.log Command line argument: -Djdk.tls.ephemeralDHKeySize=2048
16-Aug-2018 11:43:49.610 信息 [main] org.apache.catalina.startup.VersionLoggerListener.log Command line argument: -Djava.protocol.handler.pkgs=org.apache.catalina.webresources
16-Aug-2018 11:43:49.615 信息 [main] org.apache.catalina.startup.VersionLoggerListener.log Command line argument: -Dignore.endorsed.dirs=
16-Aug-2018 11:43:49.615 信息 [main] org.apache.catalina.startup.VersionLoggerListener.log Command line argument: -Dcatalina.base=E:\development\glaf\tomcat
16-Aug-2018 11:43:49.619 信息 [main] org.apache.catalina.startup.VersionLoggerListener.log Command line argument: -Dcatalina.home=E:\development\glaf\tomcat
16-Aug-2018 11:43:49.626 信息 [main] org.apache.catalina.startup.VersionLoggerListener.log Command line argument: -Djava.io.tmpdir=E:\development\glaf\tomcat\temp
16-Aug-2018 11:43:49.630 信息 [main] org.apache.catalina.core.AprLifecycleListener.lifecycleEvent The APR based Apache Tomcat Native library which allows optimal performance in production environments was not found on the java.library.path: [C:\jdk1.8.0\bin;C:\WINDOWS\Sun\Java\bin;C:\WINDOWS\system32;C:\WINDOWS;C:\Program Files (x86)\Common Files\Oracle\Java\javapath;C:\Windows\system32;C:\Windows;C:\Windows\System32\Wbem;C:\Windows\System32\WindowsPowerShell\v1.0\;C:\Program Files (x86)\NVIDIA Corporation\PhysX\Common;C:\Program Files\TortoiseSVN\bin;e:\Program Files (x86)\Microsoft SQL Server\100\Tools\Binn\;e:\Program Files\Microsoft SQL Server\100\Tools\Binn\;e:\Program Files\Microsoft SQL Server\100\DTS\Binn\;e:\Program Files (x86)\Microsoft SQL Server\100\Tools\Binn\VSShell\Common7\IDE\;e:\Program Files (x86)\Microsoft SQL Server\100\DTS\Binn\;C:\Program Files\OpenVPN\bin;C:\Program Files\TortoiseGit\bin;C:\Program Files\Git\cmd;C:\WINDOWS\system32;C:\WINDOWS;C:\WINDOWS\System32\Wbem;C:\WINDOWS\System32\WindowsPowerShell\v1.0\;D:\Program Files (x86)\Microsoft SQL Server\100\Tools\Binn\;D:\Program Files\Microsoft SQL Server\100\Tools\Binn\;D:\Program Files\Microsoft SQL Server\100\DTS\Binn\;D:\Program Files (x86)\Microsoft SQL Server\100\Tools\Binn\VSShell\Common7\IDE\;C:\Program Files (x86)\Microsoft Visual Studio 9.0\Common7\IDE\PrivateAssemblies\;D:\Program Files (x86)\Microsoft SQL Server\100\DTS\Binn\;C:\jdk1.8.0_91\bin;C:\Users\yingl\AppData\Local\Microsoft\WindowsApps;mysqlhome\bin;E:\maven\apache-maven\bin;;.]
16-Aug-2018 11:43:49.956 信息 [main] org.apache.coyote.AbstractProtocol.init Initializing ProtocolHandler ["http-nio-8080"]
16-Aug-2018 11:43:50.033 信息 [main] org.apache.tomcat.util.net.NioSelectorPool.getSharedSelector Using a shared selector for servlet write/read
16-Aug-2018 11:43:50.049 信息 [main] org.apache.coyote.AbstractProtocol.init Initializing ProtocolHandler ["ajp-nio-8009"]
16-Aug-2018 11:43:50.061 信息 [main] org.apache.tomcat.util.net.NioSelectorPool.getSharedSelector Using a shared selector for servlet write/read
16-Aug-2018 11:43:50.070 信息 [main] org.apache.catalina.startup.Catalina.load Initialization processed in 3991 ms
16-Aug-2018 11:43:50.213 信息 [main] org.apache.catalina.core.StandardService.startInternal Starting service [Catalina]
16-Aug-2018 11:43:50.214 信息 [main] org.apache.catalina.core.StandardEngine.startInternal Starting Servlet Engine: Apache Tomcat/8.5.28
16-Aug-2018 11:44:09.545 信息 [localhost-startStop-1] org.apache.jasper.servlet.TldScanner.scanJars At least one JAR was scanned for TLDs yet contained no TLDs. Enable debug logging for this logger for a complete list of JARs that were scanned but no TLDs were found in them. Skipping unneeded JARs during scanning can improve startup time and JSP compilation time.
16-Aug-2018 11:44:59.914 信息 [main] org.apache.coyote.AbstractProtocol.start Starting ProtocolHandler ["http-nio-8080"]
16-Aug-2018 11:44:59.977 信息 [main] org.apache.coyote.AbstractProtocol.start Starting ProtocolHandler ["ajp-nio-8009"]
16-Aug-2018 11:45:00.028 信息 [main] org.apache.catalina.startup.Catalina.start Server startup in 69950 ms
